   File: 'html/Adding_configurability.htm'
    URL: 'html/Adding_configurability.htm'
   File: 'html/Advantages_to_Annotation_with_Ontolgies.htm'
    URL: 'html/Advantages_to_Annotation_with_Ontolgies.htm'
   File: 'html/An_Introduction_to_OBO_Ontologies.htm'
    URL: 'html/An_Introduction_to_OBO_Ontologies.htm'
   File: 'html/Annotation_Spreadsheet.htm'
    URL: 'html/Annotation_Spreadsheet.htm'
   File: 'html/Basic_Concepts_and_Vocabulary.htm'
    URL: 'html/Basic_Concepts_and_Vocabulary.htm'
   File: 'html/Bugs_and_Troubleshooting.htm'
    URL: 'html/Bugs_and_Troubleshooting.htm'
   File: 'html/The_Phenote_Interface.htm'
    URL: 'html/The_Phenote_Interface.htm'
   File: 'html/Changing_your_Autocompletion_Settings.htm'
    URL: 'html/Changing_your_Autocompletion_Settings.htm'
   File: 'html/Changing_your_Configuration.htm'
    URL: 'html/Changing_your_Configuration.htm'
   File: 'html/Connecting_to_a_Database.htm'
    URL: 'html/Connecting_to_a_Database.htm'
   File: 'html/Data_Entry.htm'
    URL: 'html/Data_Entry.htm'
   File: 'html/Data_Formats.htm'
    URL: 'html/Data_Formats.htm'
   File: 'html/Editing_Functions.htm'
    URL: 'html/Editing_Functions.htm'
   File: 'html/Entering_data_into_Free_Text_fields.htm'
    URL: 'html/Entering_data_into_Free_Text_fields.htm'
   File: 'html/Entering_data_into_Ontology_Fields.htm'
    URL: 'html/Entering_data_into_Ontology_Fields.htm'
   File: 'html/Entity_Composition_Refinement.htm'
    URL: 'html/Entity_Composition_Refinement.htm'
   File: 'html/Exiting_Phenote.htm'
    URL: 'html/Exiting_Phenote.htm'
   File: 'html/Getting_Phenote_Started.htm'
    URL: 'html/Getting_Phenote_Started.htm'
   File: 'html/How_To_Edit_a_Configuration_File.htm'
    URL: 'html/How_To_Edit_a_Configuration_File.htm'
   File: 'html/Introduction_to_Adapters.htm'
    URL: 'html/Introduction_to_Adapters.htm'
   File: 'html/Licensing_Information.htm'
    URL: 'html/Licensing_Information.htm'
   File: 'html/Loading___Saving.htm'
    URL: 'html/Loading___Saving.htm'
   File: 'html/Menu_Bars.htm'
    URL: 'html/Menu_Bars.htm'
   File: 'html/Ontologies.htm'
    URL: 'html/Ontologies.htm'
   File: 'html/Ontologies_included_with_Phenote.htm'
    URL: 'html/Ontologies_included_with_Phenote.htm'
   File: 'html/Phenote_from_the_Command_Line.htm'
    URL: 'html/Phenote_from_the_Command_Line.htm'
   File: 'html/Phenote_Webstart.htm'
    URL: 'html/Phenote_Webstart.htm'
   File: 'html/Running_Phenote_for_the_First_Time.htm'
    URL: 'html/Running_Phenote_for_the_First_Time.htm'
   File: 'html/Sample_Annotations.htm'
    URL: 'html/Sample_Annotations.htm'
   File: 'html/Sample_Configuration_1.htm'
    URL: 'html/Sample_Configuration_1.htm'
   File: 'html/Sample_Configuration_2.htm'
    URL: 'html/Sample_Configuration_2.htm'
   File: 'html/Term_Info.htm'
    URL: 'html/Term_Info.htm'
   File: 'html/The__auto_update_ontologies__Tag.htm'
    URL: 'html/The__auto_update_ontologies__Tag.htm'
   File: 'html/The__dataadapter__Tag.htm'
    URL: 'html/The__dataadapter__Tag.htm'
   File: 'html/The__field__Tag.htm'
    URL: 'html/The__field__Tag.htm'
   File: 'html/The__master_to_local_config__Tag.htm'
    URL: 'html/The__master_to_local_config__Tag.htm'
   File: 'html/The__ontology__Tag.htm'
    URL: 'html/The__ontology__Tag.htm'
   File: 'html/The__tab__Tag.htm'
    URL: 'html/The__tab__Tag.htm'
   File: 'html/The__term_history__Tag.htm'
    URL: 'html/The__term_history__Tag.htm'
   File: 'html/The__update_timer__Tag.htm'
    URL: 'html/The__update_timer__Tag.htm'
   File: 'html/The_Basic_Flat_File_Interface.htm'
    URL: 'html/The_Basic_Flat_File_Interface.htm'
   File: 'html/Introduction.htm'
    URL: 'html/Introduction.htm'
   File: 'html/The_OBO_Adapter.htm'
    URL: 'html/The_OBO_Adapter.htm'
   File: 'html/The_PhenoSyntax_Adapter.htm'
    URL: 'html/The_PhenoSyntax_Adapter.htm'
   File: 'html/The_Serial_Adapter.htm'
    URL: 'html/The_Serial_Adapter.htm'
   File: 'html/The_Tab_Delimited_Adapter.htm'
    URL: 'html/The_Tab_Delimited_Adapter.htm'
   File: 'html/The_tag_value_adapter.htm'
    URL: 'html/The_tag_value_adapter.htm'
   File: 'html/Using_Filters.htm'
    URL: 'html/Using_Filters.htm'
   File: 'html/What_is_a_Configuration_.htm'
    URL: 'html/What_is_a_Configuration_.htm'
   File: 'html/What_is_an_ontology_.htm'
    URL: 'html/What_is_an_ontology_.htm'
   File: 'html/What_is_Phenote_.htm'
    URL: 'html/What_is_Phenote_.htm'
   File: 'html/Writing_a_Data_Adapter.htm'
    URL: 'html/Writing_a_Data_Adapter.htm'
   File: 'html/The__phenote_configuration__Tag.htm'
    URL: 'html/The__phenote_configuration__Tag.htm'
   File: 'html/XML_skeleton.htm'
    URL: 'html/XML_skeleton.htm'
        Parse time: 0.921 s
